<?xml version="1.0" encoding="UTF-8"?>
<testExecutions version="1">
  <file path="C:\Users\peppe\Documents\seatbooking\Software-Engineering-2-team10\client\src\tests\API.test.js">
  </file>
  <file path="C:\Users\peppe\Documents\seatbooking\Software-Engineering-2-team10\client\src\App.test.js">
  </file>
</testExecutions>