<?xml version="1.0" encoding="UTF-8"?>
<testExecutions version="1">
  <file path="C:\Users\mattc\Desktop\Current_Uni\SE2\Project\Software-Engineering-2-team10\server\tests\dao.test.js">
    <testCase name="test getUserById" duration="9"/>
    <testCase name="test getAllLectures" duration="3"/>
  </file>
</testExecutions>