<?xml version="1.0" encoding="UTF-8"?>
<testExecutions version="1">
  <file path="C:\Users\mattc\OneDrive\Dokumente\GitHub\Software-Engineering-2-team10\server\tests\dao.test.js">
    <testCase name="test login ok" duration="87"/>
    <testCase name="test login user does not exists" duration="1"/>
    <testCase name="test getUserById" duration="1"/>
    <testCase name="check Notifications test check Notification" duration="8"/>
    <testCase name="check Notifications test update Lecture Notification Added field" duration="7"/>
    <testCase name="check Notifications test update Teacher Notification Sent Status field" duration="7"/>
    <testCase name="check Notifications test getAvailableLectures" duration="2">
      <failure message="Error: SQLITE_ERROR: no such table: StudentFinalBooking"><![CDATA[Error: SQLITE_ERROR: no such table: StudentFinalBooking]]></failure>
    </testCase>
    <testCase name="check Notifications test getAllLectures" duration="4">
      <failure message="Error: expect(received).toHaveLength(expected)"><![CDATA[Error: expect(received).toHaveLength(expected)

Expected length: 1
Received length: 0
Received array:  []
    at C:\Users\mattc\OneDrive\Dokumente\GitHub\Software-Engineering-2-team10\server\tests\dao.test.js:63:20]]></failure>
    </testCase>
    <testCase name="check Courses test getStudentCurrentCourses" duration="1"/>
    <testCase name="check Courses test getStudentCurrentCourses" duration="1"/>
    <testCase name="check BookingAndHistory test bookLecture" duration="7"/>
    <testCase name="check BookingAndHistory test bookingHistory" duration="36">
      <failure message="Error: SQLITE_ERROR: no such table: StudentFinalBooking"><![CDATA[Error: SQLITE_ERROR: no such table: StudentFinalBooking]]></failure>
    </testCase>
    <testCase name="check BookingAndHistory test cancelReservation" duration="1"/>
    <testCase name="check teacher dashboard test getTeacherCourses" duration="1"/>
    <testCase name="check teacher dashboard test getCourseLectures" duration="0">
      <failure message="Error: SQLITE_ERROR: no such column: L.CancelDate"><![CDATA[Error: SQLITE_ERROR: no such column: L.CancelDate]]></failure>
    </testCase>
    <testCase name="check teacher dashboard test getLectureStudents" duration="1"/>
    <testCase name="check teacher dashboard Test makelectureonline" duration="1">
      <failure message="TypeError: getunbookablelectures.then is not a function"><![CDATA[TypeError: getunbookablelectures.then is not a function
    at Object.<anonymous> (C:\Users\mattc\OneDrive\Dokumente\GitHub\Software-Engineering-2-team10\server\tests\dao.test.js:265:27)
    at Object.asyncJestTest (C:\Users\mattc\OneDrive\Dokumente\GitHub\Software-Engineering-2-team10\server\node_modules\jest-jasmine2\build\jasmineAsyncInstall.js:106:37)
    at C:\Users\mattc\OneDrive\Dokumente\GitHub\Software-Engineering-2-team10\server\node_modules\jest-jasmine2\build\queueRunner.js:45:12
    at new Promise (<anonymous>)
    at mapper (C:\Users\mattc\OneDrive\Dokumente\GitHub\Software-Engineering-2-team10\server\node_modules\jest-jasmine2\build\queueRunner.js:28:19)
    at C:\Users\mattc\OneDrive\Dokumente\GitHub\Software-Engineering-2-team10\server\node_modules\jest-jasmine2\build\queueRunner.js:75:41]]></failure>
    </testCase>
  </file>
</testExecutions>