<?xml version="1.0" encoding="UTF-8"?>
<testExecutions version="1">
  <file path="C:\Users\mattc\OneDrive\Dokumente\GitHub\Software-Engineering-2-team10\server\tests\server.test.js">
  </file>
  <file path="C:\Users\mattc\OneDrive\Dokumente\GitHub\Software-Engineering-2-team10\server\tests\dao.test.js">
    <testCase name="test login ok" duration="90"/>
    <testCase name="test login user does not exists" duration="1"/>
    <testCase name="test getUserById" duration="1"/>
    <testCase name="check Notifications test check Notification" duration="6"/>
    <testCase name="check Notifications test update Lecture Notification Added field" duration="6"/>
    <testCase name="check Notifications test update Teacher Notification Sent Status field" duration="6"/>
    <testCase name="check Notifications test getAvailableLectures" duration="3"/>
    <testCase name="check Notifications test getAvailableLectures undef" duration="0"/>
    <testCase name="check Notifications test getAllLectures" duration="1"/>
    <testCase name="check Courses test getStudentCurrentCourses" duration="2"/>
    <testCase name="check Courses test getStudentCurrentCourses" duration="1"/>
    <testCase name="check BookingAndHistory test bookLecture" duration="9"/>
    <testCase name="check BookingAndHistory test bookLecture false" duration="1"/>
    <testCase name="check BookingAndHistory test bookingHistory" duration="1"/>
    <testCase name="check BookingAndHistory test cancelReservation" duration="1"/>
    <testCase name="check BookingAndHistory test getBookingDetails" duration="1"/>
    <testCase name="check Teacher Dashboard test getTeacherCourses" duration="1"/>
    <testCase name="check Teacher Dashboard test getCourseLectures" duration="1"/>
    <testCase name="check Teacher Dashboard test getLectureStudents" duration="1"/>
    <testCase name="check Teacher Dashboard test getStudentlistOfLecture" duration="1"/>
    <testCase name="check Teacher Dashboard Test makeLectureOnline" duration="6"/>
    <testCase name="check Teacher Dashboard test getNotification" duration="2"/>
    <testCase name="check Teacher Dashboard test cancelLecture" duration="6"/>
    <testCase name="check Teacher Dashboard test getTeacherStats1" duration="53"/>
    <testCase name="check Teacher Dashboard test getTeacherStats2" duration="9"/>
    <testCase name="check Teacher Dashboard test getTeacherStats5" duration="1"/>
    <testCase name="check Teacher Dashboard test getTeacherStats3" duration="2"/>
    <testCase name="check Teacher Dashboard test getTeacherStats4" duration="2"/>
  </file>
</testExecutions>